<?xml version="1.0" encoding="UTF-8"?>
<testng-results ignored="0" total="1" passed="1" failed="0" skipped="0">
  <reporter-output>
  </reporter-output>
  <suite started-at="2025-12-17T10:00:47 CET" name="Default suite" finished-at="2025-12-17T10:00:57 CET" duration-ms="9888">
    <groups>
    </groups>
    <test started-at="2025-12-17T10:00:47 CET" name="Default test" finished-at="2025-12-17T10:00:57 CET" duration-ms="9888">
      <class name="jacaranda.com.PrimerScriptPrueba">
        <test-method is-config="true" signature="setup()[pri:0, instance:jacaranda.com.PrimerScriptPrueba@5f577419]" started-at="2025-12-17T10:00:47 CET" name="setup" finished-at="2025-12-17T10:00:49 CET" duration-ms="2041" status="PASS">
          <reporter-output>
          </reporter-output>
        </test-method> <!-- setup -->
        <test-method signature="verificarTituloPaginaTest()[pri:0, instance:jacaranda.com.PrimerScriptPrueba@5f577419]" started-at="2025-12-17T10:00:49 CET" name="verificarTituloPaginaTest" finished-at="2025-12-17T10:00:57 CET" duration-ms="7652" status="PASS">
          <reporter-output>
          </reporter-output>
        </test-method> <!-- verificarTituloPaginaTest -->
        <test-method is-config="true" signature="teardown()[pri:0, instance:jacaranda.com.PrimerScriptPrueba@5f577419]" started-at="2025-12-17T10:00:57 CET" name="teardown" finished-at="2025-12-17T10:00:57 CET" duration-ms="121" status="PASS">
          <reporter-output>
          </reporter-output>
        </test-method> <!-- teardown -->
      </class> <!-- jacaranda.com.PrimerScriptPrueba -->
    </test> <!-- Default test -->
  </suite> <!-- Default suite -->
</testng-results>
